  [1m[35m (0.2ms)[0m  [1m[34mSELECT sqlite_version(*)[0m
  [1m[35m (0.9ms)[0m  [1m[35mCREATE TABLE "schema_migrations" ("version" varchar NOT NULL PRIMARY KEY)[0m
  [1m[35m (0.5ms)[0m  [1m[35mCREATE TABLE "ar_internal_metadata" ("key" varchar NOT NULL PRIMARY KEY, "value" varchar, "created_at" datetime(6) NOT NULL, "updated_at" datetime(6) NOT NULL)[0m
  [1m[35m (0.1ms)[0m  [1m[34mSELECT "schema_migrations"."version" FROM "schema_migrations" ORDER BY "schema_migrations"."version" ASC[0m
Migrating to CreateUsers (20220214070817)
  [1m[36mTRANSACTION (0.0ms)[0m  [1m[36mbegin transaction[0m
  [1m[35m (0.3ms)[0m  [1m[35mCREATE TABLE "users" ("id" integer PRIMARY KEY AUTOINCREMENT NOT NULL, "name" varchar, "email" varchar, "created_at" datetime(6) NOT NULL, "updated_at" datetime(6) NOT NULL)[0m
  [1m[36mActiveRecord::SchemaMigration Create (0.1ms)[0m  [1m[32mINSERT INTO "schema_migrations" ("version") VALUES (?)[0m  [["version", "20220214070817"]]
  [1m[36mTRANSACTION (0.5ms)[0m  [1m[36mcommit transaction[0m
Migrating to AddIndexToUsersEmail (20220216101808)
  [1m[36mTRANSACTION (0.0ms)[0m  [1m[36mbegin transaction[0m
  [1m[35m (0.3ms)[0m  [1m[35mCREATE UNIQUE INDEX "index_users_on_email" ON "users" ("email")[0m
  [1m[36mActiveRecord::SchemaMigration Create (0.1ms)[0m  [1m[32mINSERT INTO "schema_migrations" ("version") VALUES (?)[0m  [["version", "20220216101808"]]
  [1m[36mTRANSACTION (0.4ms)[0m  [1m[36mcommit transaction[0m
Migrating to AddPasswordDigestToUsers (20220216103933)
  [1m[36mTRANSACTION (0.0ms)[0m  [1m[36mbegin transaction[0m
  [1m[35m (0.3ms)[0m  [1m[35mALTER TABLE "users" ADD "password_digest" varchar[0m
  [1m[36mActiveRecord::SchemaMigration Create (0.1ms)[0m  [1m[32mINSERT INTO "schema_migrations" ("version") VALUES (?)[0m  [["version", "20220216103933"]]
  [1m[36mTRANSACTION (0.4ms)[0m  [1m[36mcommit transaction[0m
  [1m[36mActiveRecord::InternalMetadata Load (0.1ms)[0m  [1m[34mSELECT "ar_internal_metadata".* FROM "ar_internal_metadata" WHERE "ar_internal_metadata"."key" = ? LIMIT ?[0m  [["key", "environment"], ["LIMIT", 1]]
  [1m[36mTRANSACTION (0.0ms)[0m  [1m[36mbegin transaction[0m
  [1m[36mActiveRecord::InternalMetadata Create (0.2ms)[0m  [1m[32mINSERT INTO "ar_internal_metadata" ("key", "value", "created_at", "updated_at") VALUES (?, ?, ?, ?)[0m  [["key", "environment"], ["value", "development"], ["created_at", "2022-04-03 19:44:52.620653"], ["updated_at", "2022-04-03 19:44:52.620653"]]
  [1m[36mTRANSACTION (0.3ms)[0m  [1m[36mcommit transaction[0m
  [1m[35m (0.0ms)[0m  [1m[34mSELECT sqlite_version(*)[0m
  [1m[35m (0.1ms)[0m  [1m[34mSELECT "schema_migrations"."version" FROM "schema_migrations" ORDER BY "schema_migrations"."version" ASC[0m
Started GET "/user_options" for ::1 at 2022-04-03 22:46:13 +0300
  [1m[35m (1.0ms)[0m  [1m[34mSELECT sqlite_version(*)[0m
  [1m[35m (0.1ms)[0m  [1m[34mSELECT "schema_migrations"."version" FROM "schema_migrations" ORDER BY "schema_migrations"."version" ASC[0m
  
ActionController::RoutingError (No route matches [GET] "/user_options"):
  
Started GET "/" for ::1 at 2022-04-03 22:46:19 +0300
Processing by StaticPagesController#home as HTML
  Rendering layout layouts/application.html.erb
  Rendering static_pages/home.html.erb within layouts/application
  Rendered static_pages/home.html.erb within layouts/application (Duration: 226.6ms | Allocations: 77536)
[Webpacker] Compiling...
[Webpacker] Compilation failed:
yarn run v1.22.18
info Visit https://yarnpkg.com/en/docs/cli/run for documentation about this command.


error Command "webpack" not found.

  Rendered layouts/_rails_default.html.erb (Duration: 796.6ms | Allocations: 18107)
  Rendered layout layouts/application.html.erb (Duration: 1024.3ms | Allocations: 96227)
Completed 500 Internal Server Error in 1034ms (ActiveRecord: 0.0ms | Allocations: 98271)


  
ActionView::Template::Error (Webpacker can't find application.js in /Users/vali/work/sample/public/packs/manifest.json. Possible causes:
1. You want to set webpacker.yml value of compile to true for your environment
   unless you are using the `webpack -w` or the webpack-dev-server.
2. webpack has not yet re-run to reflect updates.
3. You have misconfigured Webpacker's config/webpacker.yml file.
4. Your webpack configuration is not creating a manifest.
Your manifest contains:
{
}
):
    3:     <%= csp_meta_tag %>
    4: 
    5:     <%= stylesheet_link_tag 'application', media: 'all', 'data-turbolinks-track': 'reload' %>
    6:     <%= javascript_pack_tag 'application', 'data-turbolinks-track': 'reload' %>
  
app/views/layouts/_rails_default.html.erb:6
app/views/layouts/application.html.erb:6
Started GET "/" for ::1 at 2022-04-03 22:52:18 +0300
  [1m[35m (0.3ms)[0m  [1m[34mSELECT sqlite_version(*)[0m
  [1m[35m (0.1ms)[0m  [1m[34mSELECT "schema_migrations"."version" FROM "schema_migrations" ORDER BY "schema_migrations"."version" ASC[0m
Processing by StaticPagesController#home as HTML
  Rendering layout layouts/application.html.erb
  Rendering static_pages/home.html.erb within layouts/application
  Rendered static_pages/home.html.erb within layouts/application (Duration: 16.0ms | Allocations: 12135)
[Webpacker] Compiling...
[Webpacker] Compiled all packs in /Users/vali/work/sample/public/packs
[Webpacker] Hash: 4949f615883aa45838a7
Version: webpack 4.46.0
Time: 745ms
Built at: 04/03/2022 22:52:20
                                     Asset       Size       Chunks                         Chunk Names
    js/application-19ade39cc333985062bf.js    125 KiB  application  [emitted] [immutable]  application
js/application-19ade39cc333985062bf.js.map    139 KiB  application  [emitted] [dev]        application
                             manifest.json  364 bytes               [emitted]              
Entrypoint application = js/application-19ade39cc333985062bf.js js/application-19ade39cc333985062bf.js.map
[./app/javascript/channels sync recursive _channel\.js$] ./app/javascript/channels sync _channel\.js$ 160 bytes {application} [built]
[./app/javascript/channels/index.js] 211 bytes {application} [built]
[./app/javascript/packs/application.js] 492 bytes {application} [built]
[./node_modules/webpack/buildin/module.js] (webpack)/buildin/module.js 552 bytes {application} [built]
    + 3 hidden modules

  Rendered layouts/_rails_default.html.erb (Duration: 1958.8ms | Allocations: 9365)
  Rendered layouts/_shim.html.erb (Duration: 0.3ms | Allocations: 118)
  Rendered layouts/_header.html.erb (Duration: 0.4ms | Allocations: 276)
  Rendered layouts/_footer.html.erb (Duration: 0.2ms | Allocations: 208)
  Rendered layout layouts/application.html.erb (Duration: 1981.9ms | Allocations: 23514)
Completed 200 OK in 1996ms (Views: 1984.5ms | ActiveRecord: 0.0ms | Allocations: 26842)


Started GET "/" for ::1 at 2022-04-03 22:52:27 +0300
Processing by StaticPagesController#home as HTML
  Rendering layout layouts/application.html.erb
  Rendering static_pages/home.html.erb within layouts/application
  Rendered static_pages/home.html.erb within layouts/application (Duration: 2.2ms | Allocations: 655)
[Webpacker] Everything's up-to-date. Nothing to do
  Rendered layouts/_rails_default.html.erb (Duration: 10.2ms | Allocations: 7439)
  Rendered layouts/_shim.html.erb (Duration: 0.1ms | Allocations: 37)
  Rendered layouts/_header.html.erb (Duration: 0.2ms | Allocations: 103)
  Rendered layouts/_footer.html.erb (Duration: 0.1ms | Allocations: 73)
  Rendered layout layouts/application.html.erb (Duration: 14.2ms | Allocations: 8780)
Completed 200 OK in 16ms (Views: 15.0ms | ActiveRecord: 0.0ms | Allocations: 9166)


Started GET "/" for ::1 at 2022-04-03 22:52:31 +0300
Processing by StaticPagesController#home as HTML
  Rendering layout layouts/application.html.erb
  Rendering static_pages/home.html.erb within layouts/application
  Rendered static_pages/home.html.erb within layouts/application (Duration: 1.2ms | Allocations: 654)
[Webpacker] Everything's up-to-date. Nothing to do
  Rendered layouts/_rails_default.html.erb (Duration: 12.0ms | Allocations: 7435)
  Rendered layouts/_shim.html.erb (Duration: 0.1ms | Allocations: 37)
  Rendered layouts/_header.html.erb (Duration: 0.2ms | Allocations: 101)
  Rendered layouts/_footer.html.erb (Duration: 0.1ms | Allocations: 73)
  Rendered layout layouts/application.html.erb (Duration: 14.9ms | Allocations: 8767)
Completed 200 OK in 16ms (Views: 15.4ms | ActiveRecord: 0.0ms | Allocations: 9145)


Started GET "/" for ::1 at 2022-04-03 22:52:32 +0300
Processing by StaticPagesController#home as HTML
  Rendering layout layouts/application.html.erb
  Rendering static_pages/home.html.erb within layouts/application
  Rendered static_pages/home.html.erb within layouts/application (Duration: 1.2ms | Allocations: 654)
[Webpacker] Everything's up-to-date. Nothing to do
  Rendered layouts/_rails_default.html.erb (Duration: 10.0ms | Allocations: 7436)
  Rendered layouts/_shim.html.erb (Duration: 0.1ms | Allocations: 37)
  Rendered layouts/_header.html.erb (Duration: 0.2ms | Allocations: 101)
  Rendered layouts/_footer.html.erb (Duration: 0.1ms | Allocations: 73)
  Rendered layout layouts/application.html.erb (Duration: 12.8ms | Allocations: 8773)
Completed 200 OK in 14ms (Views: 13.4ms | ActiveRecord: 0.0ms | Allocations: 9154)


Started GET "/help" for ::1 at 2022-04-03 22:52:33 +0300
Processing by StaticPagesController#help as HTML
  Rendering layout layouts/application.html.erb
  Rendering static_pages/help.html.erb within layouts/application
  Rendered static_pages/help.html.erb within layouts/application (Duration: 0.6ms | Allocations: 142)
[Webpacker] Everything's up-to-date. Nothing to do
  Rendered layouts/_rails_default.html.erb (Duration: 9.6ms | Allocations: 7569)
  Rendered layouts/_shim.html.erb (Duration: 0.1ms | Allocations: 37)
  Rendered layouts/_header.html.erb (Duration: 0.2ms | Allocations: 116)
  Rendered layouts/_footer.html.erb (Duration: 0.1ms | Allocations: 75)
  Rendered layout layouts/application.html.erb (Duration: 11.7ms | Allocations: 8415)
Completed 200 OK in 14ms (Views: 12.3ms | ActiveRecord: 0.0ms | Allocations: 8926)


Started GET "/" for ::1 at 2022-04-03 22:52:34 +0300
Processing by StaticPagesController#home as HTML
  Rendering layout layouts/application.html.erb
  Rendering static_pages/home.html.erb within layouts/application
  Rendered static_pages/home.html.erb within layouts/application (Duration: 1.5ms | Allocations: 655)
[Webpacker] Everything's up-to-date. Nothing to do
  Rendered layouts/_rails_default.html.erb (Duration: 27.1ms | Allocations: 7437)
  Rendered layouts/_shim.html.erb (Duration: 0.0ms | Allocations: 37)
  Rendered layouts/_header.html.erb (Duration: 0.1ms | Allocations: 101)
  Rendered layouts/_footer.html.erb (Duration: 0.1ms | Allocations: 73)
  Rendered layout layouts/application.html.erb (Duration: 29.6ms | Allocations: 8780)
Completed 200 OK in 31ms (Views: 30.1ms | ActiveRecord: 0.0ms | Allocations: 9162)


Started GET "/signup" for ::1 at 2022-04-03 22:52:35 +0300
Processing by UsersController#new as HTML
  Rendering layout layouts/application.html.erb
  Rendering users/new.html.erb within layouts/application
  Rendered shared/_error_messages.html.erb (Duration: 0.5ms | Allocations: 224)
  Rendered users/new.html.erb within layouts/application (Duration: 72.5ms | Allocations: 190986)
[Webpacker] Everything's up-to-date. Nothing to do
  Rendered layouts/_rails_default.html.erb (Duration: 5.2ms | Allocations: 7564)
  Rendered layouts/_shim.html.erb (Duration: 0.0ms | Allocations: 37)
  Rendered layouts/_header.html.erb (Duration: 0.1ms | Allocations: 106)
  Rendered layouts/_footer.html.erb (Duration: 0.1ms | Allocations: 75)
  Rendered layout layouts/application.html.erb (Duration: 78.7ms | Allocations: 199245)
Completed 200 OK in 90ms (Views: 80.3ms | ActiveRecord: 0.5ms | Allocations: 204822)


Started POST "/users" for ::1 at 2022-04-03 22:52:38 +0300
Processing by UsersController#create as HTML
  Parameters: {"authenticity_token"=>"[FILTERED]", "user"=>{"name"=>"ds", "email"=>"", "password"=>"[FILTERED]", "password_confirmation"=>"[FILTERED]"}, "commit"=>"Create my account"}
  [1m[36mTRANSACTION (0.1ms)[0m  [1m[36mbegin transaction[0m
  ↳ app/controllers/users_controller.rb:15:in `create'
  [1m[36mUser Exists? (0.6ms)[0m  [1m[34mSELECT 1 AS one FROM "users" WHERE "users"."email" = ? LIMIT ?[0m  [["email", ""], ["LIMIT", 1]]
  ↳ app/controllers/users_controller.rb:15:in `create'
  [1m[36mTRANSACTION (0.1ms)[0m  [1m[31mrollback transaction[0m
  ↳ app/controllers/users_controller.rb:15:in `create'
  Rendering layout layouts/application.html.erb
  Rendering users/new.html.erb within layouts/application
  Rendered shared/_error_messages.html.erb (Duration: 4.0ms | Allocations: 2435)
  Rendered users/new.html.erb within layouts/application (Duration: 8.9ms | Allocations: 6461)
[Webpacker] Everything's up-to-date. Nothing to do
  Rendered layouts/_rails_default.html.erb (Duration: 5.1ms | Allocations: 7484)
  Rendered layouts/_shim.html.erb (Duration: 0.0ms | Allocations: 37)
  Rendered layouts/_header.html.erb (Duration: 0.1ms | Allocations: 101)
  Rendered layouts/_footer.html.erb (Duration: 0.1ms | Allocations: 73)
  Rendered layout layouts/application.html.erb (Duration: 15.0ms | Allocations: 14718)
Completed 200 OK in 28ms (Views: 15.5ms | ActiveRecord: 0.8ms | Allocations: 18661)


Started GET "/" for ::1 at 2022-04-03 22:52:43 +0300
Processing by StaticPagesController#home as HTML
  Rendering layout layouts/application.html.erb
  Rendering static_pages/home.html.erb within layouts/application
  Rendered static_pages/home.html.erb within layouts/application (Duration: 1.0ms | Allocations: 659)
[Webpacker] Everything's up-to-date. Nothing to do
  Rendered layouts/_rails_default.html.erb (Duration: 5.8ms | Allocations: 7438)
  Rendered layouts/_shim.html.erb (Duration: 0.0ms | Allocations: 37)
  Rendered layouts/_header.html.erb (Duration: 0.4ms | Allocations: 103)
  Rendered layouts/_footer.html.erb (Duration: 0.1ms | Allocations: 75)
  Rendered layout layouts/application.html.erb (Duration: 8.0ms | Allocations: 8780)
Completed 200 OK in 9ms (Views: 8.3ms | ActiveRecord: 0.0ms | Allocations: 9159)


Started GET "/" for ::1 at 2022-04-03 22:52:45 +0300
Processing by StaticPagesController#home as HTML
  Rendering layout layouts/application.html.erb
  Rendering static_pages/home.html.erb within layouts/application
  Rendered static_pages/home.html.erb within layouts/application (Duration: 1.3ms | Allocations: 654)
[Webpacker] Everything's up-to-date. Nothing to do
  Rendered layouts/_rails_default.html.erb (Duration: 10.7ms | Allocations: 7435)
  Rendered layouts/_shim.html.erb (Duration: 0.1ms | Allocations: 37)
  Rendered layouts/_header.html.erb (Duration: 0.2ms | Allocations: 101)
  Rendered layouts/_footer.html.erb (Duration: 0.1ms | Allocations: 73)
  Rendered layout layouts/application.html.erb (Duration: 13.8ms | Allocations: 8767)
Completed 200 OK in 15ms (Views: 14.3ms | ActiveRecord: 0.0ms | Allocations: 9145)


Started GET "/" for ::1 at 2022-04-03 22:52:46 +0300
Processing by StaticPagesController#home as HTML
  Rendering layout layouts/application.html.erb
  Rendering static_pages/home.html.erb within layouts/application
  Rendered static_pages/home.html.erb within layouts/application (Duration: 1.3ms | Allocations: 654)
[Webpacker] Everything's up-to-date. Nothing to do
  Rendered layouts/_rails_default.html.erb (Duration: 9.7ms | Allocations: 7435)
  Rendered layouts/_shim.html.erb (Duration: 0.1ms | Allocations: 37)
  Rendered layouts/_header.html.erb (Duration: 0.2ms | Allocations: 101)
  Rendered layouts/_footer.html.erb (Duration: 0.1ms | Allocations: 73)
  Rendered layout layouts/application.html.erb (Duration: 12.8ms | Allocations: 8767)
Completed 200 OK in 14ms (Views: 13.3ms | ActiveRecord: 0.0ms | Allocations: 9145)


Started GET "/about" for ::1 at 2022-04-03 22:52:47 +0300
Processing by StaticPagesController#about as HTML
  Rendering layout layouts/application.html.erb
  Rendering static_pages/about.html.erb within layouts/application
  Rendered static_pages/about.html.erb within layouts/application (Duration: 0.7ms | Allocations: 150)
[Webpacker] Everything's up-to-date. Nothing to do
  Rendered layouts/_rails_default.html.erb (Duration: 10.7ms | Allocations: 7568)
  Rendered layouts/_shim.html.erb (Duration: 0.1ms | Allocations: 37)
  Rendered layouts/_header.html.erb (Duration: 0.3ms | Allocations: 116)
  Rendered layouts/_footer.html.erb (Duration: 0.1ms | Allocations: 75)
  Rendered layout layouts/application.html.erb (Duration: 13.2ms | Allocations: 8417)
Completed 200 OK in 15ms (Views: 13.9ms | ActiveRecord: 0.0ms | Allocations: 8924)


Started GET "/contact" for ::1 at 2022-04-03 22:52:49 +0300
Processing by StaticPagesController#contact as HTML
  Rendering layout layouts/application.html.erb
  Rendering static_pages/contact.html.erb within layouts/application
  Rendered static_pages/contact.html.erb within layouts/application (Duration: 0.6ms | Allocations: 134)
[Webpacker] Everything's up-to-date. Nothing to do
  Rendered layouts/_rails_default.html.erb (Duration: 10.2ms | Allocations: 7568)
  Rendered layouts/_shim.html.erb (Duration: 0.1ms | Allocations: 37)
  Rendered layouts/_header.html.erb (Duration: 0.2ms | Allocations: 116)
  Rendered layouts/_footer.html.erb (Duration: 0.1ms | Allocations: 75)
  Rendered layout layouts/application.html.erb (Duration: 12.6ms | Allocations: 8401)
Completed 200 OK in 14ms (Views: 13.2ms | ActiveRecord: 0.0ms | Allocations: 8909)


Started GET "/contact" for ::1 at 2022-04-03 22:52:57 +0300
Processing by StaticPagesController#contact as HTML
  Rendering layout layouts/application.html.erb
  Rendering static_pages/contact.html.erb within layouts/application
  Rendered static_pages/contact.html.erb within layouts/application (Duration: 0.1ms | Allocations: 39)
[Webpacker] Everything's up-to-date. Nothing to do
  Rendered layouts/_rails_default.html.erb (Duration: 6.4ms | Allocations: 7566)
  Rendered layouts/_shim.html.erb (Duration: 0.0ms | Allocations: 37)
  Rendered layouts/_header.html.erb (Duration: 0.1ms | Allocations: 110)
  Rendered layouts/_footer.html.erb (Duration: 0.2ms | Allocations: 73)
  Rendered layout layouts/application.html.erb (Duration: 7.9ms | Allocations: 8301)
Completed 200 OK in 9ms (Views: 8.2ms | ActiveRecord: 0.0ms | Allocations: 8682)


